# JRE version: OpenJDK Runtime Environment (8.0_242) (build 1.8.0_242-release-1644-b3-6915495)
# Java VM: OpenJDK 64-Bit Server VM (25.242-b3-6915495 mixed mode bsd-amd64 compressed oops)
Heap:
 PSYoungGen      total 603648K, used 328355K [0x0000000795580000, 0x00000007c0000000, 0x00000007c0000000)
  eden space 509440K, 52% used [0x0000000795580000,0x00000007a5c14e70,0x00000007b4700000)
  from space 94208K, 63% used [0x00000007ba400000,0x00000007bde13ed8,0x00000007c0000000)
  to   space 94720K, 0% used [0x00000007b4700000,0x00000007b4700000,0x00000007ba380000)
 ParOldGen       total 350720K, used 90211K [0x0000000740000000, 0x0000000755680000, 0x0000000795580000)
  object space 350720K, 25% used [0x0000000740000000,0x0000000745818cf0,0x0000000755680000)
 Metaspace       used 259960K, capacity 269872K, committed 270104K, reserved 1286144K
  class space    used 30748K, capacity 32750K, committed 32816K, reserved 1048576K
GC Heap History (10 events):
Event: 2559.751 GC heap before
{Heap before GC invocations=29 (full 5):
 PSYoungGen      total 623616K, used 623448K [0x0000000795580000, 0x00000007c0000000, 0x00000007c0000000)
  eden space 570880K, 100% used [0x0000000795580000,0x00000007b8300000,0x00000007b8300000)
  from space 52736K, 99% used [0x00000007b8300000,0x00000007bb6563d0,0x00000007bb680000)
  to   space 69120K, 0% used [0x00000007bbc80000,0x00000007bbc80000,0x00000007c0000000)
 ParOldGen       total 350720K, used 90171K [0x0000000740000000, 0x0000000755680000, 0x0000000795580000)
  object space 350720K, 25% used [0x0000000740000000,0x000000074580ecf0,0x0000000755680000)
 Metaspace       used 214373K, capacity 223600K, committed 223896K, reserved 1245184K
  class space    used 25679K, capacity 27468K, committed 27568K, reserved 1048576K
Event: 2559.799 GC heap after
Heap after GC invocations=29 (full 5):
 PSYoungGen      total 617472K, used 59617K [0x0000000795580000, 0x00000007c0000000, 0x00000007c0000000)
  eden space 548352K, 0% used [0x0000000795580000,0x0000000795580000,0x00000007b6d00000)
  from space 69120K, 86% used [0x00000007bbc80000,0x00000007bf6b8730,0x00000007c0000000)
  to   space 75264K, 0% used [0x00000007b6d00000,0x00000007b6d00000,0x00000007bb680000)
 ParOldGen       total 350720K, used 90179K [0x0000000740000000, 0x0000000755680000, 0x0000000795580000)
  object space 350720K, 25% used [0x0000000740000000,0x0000000745810cf0,0x0000000755680000)
 Metaspace       used 214373K, capacity 223600K, committed 223896K, reserved 1245184K
  class space    used 25679K, capacity 27468K, committed 27568K, reserved 1048576K
}
Event: 2628.953 GC heap before
{Heap before GC invocations=30 (full 5):
 PSYoungGen      total 617472K, used 607969K [0x0000000795580000, 0x00000007c0000000, 0x00000007c0000000)
  eden space 548352K, 100% used [0x0000000795580000,0x00000007b6d00000,0x00000007b6d00000)
  from space 69120K, 86% used [0x00000007bbc80000,0x00000007bf6b8730,0x00000007c0000000)
  to   space 75264K, 0% used [0x00000007b6d00000,0x00000007b6d00000,0x00000007bb680000)
 ParOldGen       total 350720K, used 90179K [0x0000000740000000, 0x0000000755680000, 0x0000000795580000)
  object space 350720K, 25% used [0x0000000740000000,0x0000000745810cf0,0x0000000755680000)
 Metaspace       used 227221K, capacity 236620K, committed 236824K, reserved 1257472K
  class space    used 27113K, capacity 28956K, committed 28976K, reserved 1048576K
Event: 2629.020 GC heap after
Heap after GC invocations=30 (full 5):
 PSYoungGen      total 617984K, used 69409K [0x0000000795580000, 0x00000007c0000000, 0x00000007c0000000)
  eden space 548352K, 0% used [0x0000000795580000,0x0000000795580000,0x00000007b6d00000)
  from space 69632K, 99% used [0x00000007b6d00000,0x00000007bb0c84d8,0x00000007bb100000)
  to   space 80896K, 0% used [0x00000007bb100000,0x00000007bb100000,0x00000007c0000000)
 ParOldGen       total 350720K, used 90187K [0x0000000740000000, 0x0000000755680000, 0x0000000795580000)
  object space 350720K, 25% used [0x0000000740000000,0x0000000745812cf0,0x0000000755680000)
 Metaspace       used 227221K, capacity 236620K, committed 236824K, reserved 1257472K
  class space    used 27113K, capacity 28956K, committed 28976K, reserved 1048576K
}
Event: 2702.027 GC heap before
{Heap before GC invocations=31 (full 5):
 PSYoungGen      total 617984K, used 617747K [0x0000000795580000, 0x00000007c0000000, 0x00000007c0000000)
  eden space 548352K, 99% used [0x0000000795580000,0x00000007b6cfc950,0x00000007b6d00000)
  from space 69632K, 99% used [0x00000007b6d00000,0x00000007bb0c84d8,0x00000007bb100000)
  to   space 80896K, 0% used [0x00000007bb100000,0x00000007bb100000,0x00000007c0000000)
 ParOldGen       total 350720K, used 90187K [0x0000000740000000, 0x0000000755680000, 0x0000000795580000)
  object space 350720K, 25% used [0x0000000740000000,0x0000000745812cf0,0x0000000755680000)
 Metaspace       used 234104K, capacity 243702K, committed 243864K, reserved 1263616K
  class space    used 27881K, capacity 29773K, committed 29872K, reserved 1048576K
Event: 2702.071 GC heap after
Heap after GC invocations=31 (full 5):
 PSYoungGen      total 604672K, used 59131K [0x0000000795580000, 0x00000007c0000000, 0x00000007c0000000)
  eden space 523776K, 0% used [0x0000000795580000,0x0000000795580000,0x00000007b5500000)
  from space 80896K, 73% used [0x00000007bb100000,0x00000007beabef30,0x00000007c0000000)
  to   space 87552K, 0% used [0x00000007b5500000,0x00000007b5500000,0x00000007baa80000)
 ParOldGen       total 350720K, used 90195K [0x0000000740000000, 0x0000000755680000, 0x0000000795580000)
  object space 350720K, 25% used [0x0000000740000000,0x0000000745814cf0,0x0000000755680000)
 Metaspace       used 234104K, capacity 243702K, committed 243864K, reserved 1263616K
  class space    used 27881K, capacity 29773K, committed 29872K, reserved 1048576K
}
Event: 3015.310 GC heap before
{Heap before GC invocations=32 (full 5):
 PSYoungGen      total 604672K, used 582907K [0x0000000795580000, 0x00000007c0000000, 0x00000007c0000000)
  eden space 523776K, 100% used [0x0000000795580000,0x00000007b5500000,0x00000007b5500000)
  from space 80896K, 73% used [0x00000007bb100000,0x00000007beabef30,0x00000007c0000000)
  to   space 87552K, 0% used [0x00000007b5500000,0x00000007b5500000,0x00000007baa80000)
 ParOldGen       total 350720K, used 90195K [0x0000000740000000, 0x0000000755680000, 0x0000000795580000)
  object space 350720K, 25% used [0x0000000740000000,0x0000000745814cf0,0x0000000755680000)
 Metaspace       used 245880K, capacity 255566K, committed 255640K, reserved 1273856K
  class space    used 29202K, capacity 31133K, committed 31152K, reserved 1048576K
Event: 3015.356 GC heap after
Heap after GC invocations=32 (full 5):
 PSYoungGen      total 594944K, used 71129K [0x0000000795580000, 0x00000007c0000000, 0x00000007c0000000)
  eden space 523776K, 0% used [0x0000000795580000,0x0000000795580000,0x00000007b5500000)
  from space 71168K, 99% used [0x00000007b5500000,0x00000007b9a76710,0x00000007b9a80000)
  to   space 94208K, 0% used [0x00000007ba400000,0x00000007ba400000,0x00000007c0000000)
 ParOldGen       total 350720K, used 90203K [0x0000000740000000, 0x0000000755680000, 0x0000000795580000)
  object space 350720K, 25% used [0x0000000740000000,0x0000000745816cf0,0x0000000755680000)
 Metaspace       used 245880K, capacity 255566K, committed 255640K, reserved 1273856K
  class space    used 29202K, capacity 31133K, committed 31152K, reserved 1048576K
}
Event: 3194.494 GC heap before
{Heap before GC invocations=33 (full 5):
 PSYoungGen      total 594944K, used 594900K [0x0000000795580000, 0x00000007c0000000, 0x00000007c0000000)
  eden space 523776K, 99% used [0x0000000795580000,0x00000007b54fea08,0x00000007b5500000)
  from space 71168K, 99% used [0x00000007b5500000,0x00000007b9a76710,0x00000007b9a80000)
  to   space 94208K, 0% used [0x00000007ba400000,0x00000007ba400000,0x00000007c0000000)
 ParOldGen       total 350720K, used 90203K [0x0000000740000000, 0x0000000755680000, 0x0000000795580000)
  object space 350720K, 25% used [0x0000000740000000,0x0000000745816cf0,0x0000000755680000)
 Metaspace       used 253577K, capacity 263428K, committed 263704K, reserved 1282048K
  class space    used 30031K, capacity 32006K, committed 32048K, reserved 1048576K
Event: 3194.545 GC heap after
Heap after GC invocations=33 (full 5):
 PSYoungGen      total 603648K, used 59471K [0x0000000795580000, 0x00000007c0000000, 0x00000007c0000000)
  eden space 509440K, 0% used [0x0000000795580000,0x0000000795580000,0x00000007b4700000)
  from space 94208K, 63% used [0x00000007ba400000,0x00000007bde13ed8,0x00000007c0000000)
  to   space 94720K, 0% used [0x00000007b4700000,0x00000007b4700000,0x00000007ba380000)
 ParOldGen       total 350720K, used 90211K [0x0000000740000000, 0x0000000755680000, 0x0000000795580000)
  object space 350720K, 25% used [0x0000000740000000,0x0000000745818cf0,0x0000000755680000)
 Metaspace       used 253577K, capacity 263428K, committed 263704K, reserved 1282048K
  class space    used 30031K, capacity 32006K, committed 32048K, reserved 1048576K
}

